<?xml version="1.0" encoding="UTF-8" ?>
<testsuite tests="1" failures="1" name="TestSuite" time="0.348" errors="0" skipped="0">
  <properties>
[...]
</properties>
  <testcase classname="com.google.apigee.callouts.rsa.TestUrlSignV4Callout" name="goodResult1" time="0.348">
    <failure message="signedUrl expected object to not be null" type="java.lang.AssertionError">java.lang.AssertionError: signedUrl expected object to not be null
	at com.google.apigee.callouts.rsa.TestUrlSignV4Callout.goodResult1(TestUrlSignV4Callout.java:213)
</failure>
    <system-out>Configuring TestNG with: org.apache.maven.surefire.testng.conf.TestNG652Configurator@726f3b58
pkpkpkpkpk[&quot;https:\/\/storage.googleapis.com\/bucket\/test23?X-Goog-Algorithm=GOOG4-RSA-SHA256&amp;X-Goog-Credential=account-223456789%40project-apigee.iam.gserviceaccount.com%2F20220207%2Fus%2Fstorage%2Fgoog4_request&amp;X-Goog-Date=20220207T133205Z&amp;X-Goog-Expires=600&amp;X-Goog-SignedHeaders=host&amp;X-Goog-Signature=6255bc5b32993d8e21629570fbf3ab319f8201cda120637b111f0ba576564cc1a8f59437027aea8f3ccb46aa43b51e67dd01673f1b99a173d7ab79293b49c12fd732b5ac2ad09c08f01b1fa7fd4f5ecfa99aa61f32740dfcea11bacffb1897f575fef07211a604f38297cf15824ecd2ca3c0b684a89437f8c4fc0868d2c3e38964b04ce5d79c9e01245fdbf403e9bf2480fcad8db5948b06f20aed5c5671a1c7d249c0dad7b79b2fa4e657aa805c2b0b9592d05679b20011f52bc60aa3d90f4878db44ef6b3d48b7a28f64041d84eb110928350349dd0db41a4d1e0108ce4369716bc515248859b3fbcaa065598aa866e523c3a772d025b0e7cab830aa1865bc&quot;,&quot;https:\/\/storage.googleapis.com\/bucket\/test34?X-Goog-Algorithm=GOOG4-RSA-SHA256&amp;X-Goog-Credential=account-223456789%40project-apigee.iam.gserviceaccount.com%2F20220207%2Fus%2Fstorage%2Fgoog4_request&amp;X-Goog-Date=20220207T133205Z&amp;X-Goog-Expires=600&amp;X-Goog-SignedHeaders=host&amp;X-Goog-Signature=63ee041e9360837c062d02c6435478f966df221af8080e7518790c347d9db3195b652cf95b425f3ff4645dcc1ad3796b50c631e274d945fddb83b69acaa52bbd6217acb3df1418310eeedbcdd80716454c79db5e8098d585f5edd91ec1ab41f25a87c80cfe800dffba3b699e5b30f850caf9b0db5d7230900f44f6ac45d8aa2e0b6b8d76b5805e88547356a7c11f9f17be94fad165e8a4079ff179e48aa89b8f4869b9d70279626bc7c5ce0840a7bb4de3103975f8cb0cd7b0539c8fe4a5bb20dee6a62636826737322618be85018acdaa3d2d37372207a37900fab351b7ba6f53e6e0a7690a6270baab1f400d971e582161c828032d424f38107395578b2c3c&quot;]
</system-out>
  </testcase>
</testsuite>