-------------------------------------------------------------------------------
Test set: TestSuite
-------------------------------------------------------------------------------
Tests run: 1, Failures: 1, Errors: 0, Skipped: 0, Time elapsed: 1.627 sec <<< FAILURE!
goodResult1(com.google.apigee.callouts.rsa.TestUrlSignV4Callout)  Time elapsed: 0.348 sec  <<< FAILURE!
java.lang.AssertionError: signedUrl expected object to not be null
	at com.google.apigee.callouts.rsa.TestUrlSignV4Callout.goodResult1(TestUrlSignV4Callout.java:213)

